0 info it worked if it ends with ok
1 verbose cli [ 'C:\\Program Files\\nodejs\\node.exe',
1 verbose cli   'C:\\Users\\rarey\\AppData\\Roaming\\npm\\node_modules\\npm\\bin\\npm-cli.js',
1 verbose cli   'run',
1 verbose cli   'build' ]
2 info using npm@3.3.12
3 info using node@v6.9.2
4 verbose run-script [ 'prebuild', 'build', 'postbuild' ]
5 info lifecycle sam_vrombinator@1.0.0~prebuild: sam_vrombinator@1.0.0
6 silly lifecycle sam_vrombinator@1.0.0~prebuild: no script for prebuild, continuing
7 info lifecycle sam_vrombinator@1.0.0~build: sam_vrombinator@1.0.0
8 verbose lifecycle sam_vrombinator@1.0.0~build: unsafe-perm in lifecycle true
9 verbose lifecycle sam_vrombinator@1.0.0~build: PATH: C:\Users\rarey\AppData\Roaming\npm\node_modules\npm\bin\node-gyp-bin;C:\Users\rarey\Desktop\DEV\jeux_sam\SamVrombinator\node_modules\.bin;C:\Program Files (x86)\Common Files\Oracle\Java\javapath;C:\ProgramData\Oracle\Java\javapath;C:\WINDOWS\system32;C:\WINDOWS;C:\WINDOWS\System32\Wbem;C:\WINDOWS\System32\WindowsPowerShell\v1.0\;C:\Program Files\Git\cmd;C:\WINDOWS\System32\OpenSSH\;C:\Program Files (x86)\Sennheiser\SoftphoneSDK\;C:\Program Files\nodejs\;C:\Users\rarey\AppData\Local\Microsoft\WindowsApps;C:\Users\rarey\AppData\Local\atom\bin;C:\Users\rarey\AppData\Local\Microsoft\WindowsApps;C:\ProgramData\Anaconda3;C:\ProgramData\Anaconda3\Scripts;C:\Program Files\MongoDB\Server\4.0\bin;C:\Users\rarey\AppData\Roaming\npm
10 verbose lifecycle sam_vrombinator@1.0.0~build: CWD: C:\Users\rarey\Desktop\DEV\jeux_sam\SamVrombinator
11 silly lifecycle sam_vrombinator@1.0.0~build: Args: [ '/d /s /c', 'babel src -d dist' ]
12 silly lifecycle sam_vrombinator@1.0.0~build: Returned: code: 1  signal: null
13 info lifecycle sam_vrombinator@1.0.0~build: Failed to exec build script
14 verbose stack Error: sam_vrombinator@1.0.0 build: `babel src -d dist`
14 verbose stack Exit status 1
14 verbose stack     at EventEmitter.<anonymous> (C:\Users\rarey\AppData\Roaming\npm\node_modules\npm\lib\utils\lifecycle.js:232:16)
14 verbose stack     at emitTwo (events.js:106:13)
14 verbose stack     at EventEmitter.emit (events.js:191:7)
14 verbose stack     at ChildProcess.<anonymous> (C:\Users\rarey\AppData\Roaming\npm\node_modules\npm\lib\utils\spawn.js:24:14)
14 verbose stack     at emitTwo (events.js:106:13)
14 verbose stack     at ChildProcess.emit (events.js:191:7)
14 verbose stack     at maybeClose (internal/child_process.js:877:16)
14 verbose stack     at Process.ChildProcess._handle.onexit (internal/child_process.js:226:5)
15 verbose pkgid sam_vrombinator@1.0.0
16 verbose cwd C:\Users\rarey\Desktop\DEV\jeux_sam\SamVrombinator
17 error Windows_NT 10.0.17134
18 error argv "C:\\Program Files\\nodejs\\node.exe" "C:\\Users\\rarey\\AppData\\Roaming\\npm\\node_modules\\npm\\bin\\npm-cli.js" "run" "build"
19 error node v6.9.2
20 error npm  v3.3.12
21 error code ELIFECYCLE
22 error sam_vrombinator@1.0.0 build: `babel src -d dist`
22 error Exit status 1
23 error Failed at the sam_vrombinator@1.0.0 build script 'babel src -d dist'.
23 error Make sure you have the latest version of node.js and npm installed.
23 error If you do, this is most likely a problem with the sam_vrombinator package,
23 error not with npm itself.
23 error Tell the author that this fails on your system:
23 error     babel src -d dist
23 error You can get their info via:
23 error     npm owner ls sam_vrombinator
23 error There is likely additional logging output above.
24 verbose exit [ 1, true ]
